  BasicsOfProgramming-Lab2-WinAPIGraphic.cpp
E:\TemporaryFolder\Лабы, исправленные на паре\BasicsOfProgramming-Lab2-WinAPIGraphic\BasicsOfProgramming-Lab2-WinAPIGraphic\BasicsOfProgramming-Lab2-WinAPIGraphic.cpp(112,9): warning C4838: Преобразование из "float" в "LONG" требует сужающего преобразования.
E:\TemporaryFolder\Лабы, исправленные на паре\BasicsOfProgramming-Lab2-WinAPIGraphic\BasicsOfProgramming-Lab2-WinAPIGraphic\BasicsOfProgramming-Lab2-WinAPIGraphic.cpp(112,9): warning C4244: инициализация: преобразование "float" в "LONG", возможна потеря данных
E:\TemporaryFolder\Лабы, исправленные на паре\BasicsOfProgramming-Lab2-WinAPIGraphic\BasicsOfProgramming-Lab2-WinAPIGraphic\BasicsOfProgramming-Lab2-WinAPIGraphic.cpp(112,17): warning C4838: Преобразование из "float" в "LONG" требует сужающего преобразования.
E:\TemporaryFolder\Лабы, исправленные на паре\BasicsOfProgramming-Lab2-WinAPIGraphic\BasicsOfProgramming-Lab2-WinAPIGraphic\BasicsOfProgramming-Lab2-WinAPIGraphic.cpp(112,17): warning C4244: инициализация: преобразование "float" в "LONG", возможна потеря данных
E:\TemporaryFolder\Лабы, исправленные на паре\BasicsOfProgramming-Lab2-WinAPIGraphic\BasicsOfProgramming-Lab2-WinAPIGraphic\BasicsOfProgramming-Lab2-WinAPIGraphic.cpp(113,9): warning C4838: Преобразование из "double" в "LONG" требует сужающего преобразования.
E:\TemporaryFolder\Лабы, исправленные на паре\BasicsOfProgramming-Lab2-WinAPIGraphic\BasicsOfProgramming-Lab2-WinAPIGraphic\BasicsOfProgramming-Lab2-WinAPIGraphic.cpp(113,9): warning C4244: инициализация: преобразование "double" в "LONG", возможна потеря данных
E:\TemporaryFolder\Лабы, исправленные на паре\BasicsOfProgramming-Lab2-WinAPIGraphic\BasicsOfProgramming-Lab2-WinAPIGraphic\BasicsOfProgramming-Lab2-WinAPIGraphic.cpp(114,9): warning C4838: Преобразование из "double" в "LONG" требует сужающего преобразования.
E:\TemporaryFolder\Лабы, исправленные на паре\BasicsOfProgramming-Lab2-WinAPIGraphic\BasicsOfProgramming-Lab2-WinAPIGraphic\BasicsOfProgramming-Lab2-WinAPIGraphic.cpp(114,9): warning C4244: инициализация: преобразование "double" в "LONG", возможна потеря данных
E:\TemporaryFolder\Лабы, исправленные на паре\BasicsOfProgramming-Lab2-WinAPIGraphic\BasicsOfProgramming-Lab2-WinAPIGraphic\BasicsOfProgramming-Lab2-WinAPIGraphic.cpp(115,9): warning C4838: Преобразование из "double" в "LONG" требует сужающего преобразования.
E:\TemporaryFolder\Лабы, исправленные на паре\BasicsOfProgramming-Lab2-WinAPIGraphic\BasicsOfProgramming-Lab2-WinAPIGraphic\BasicsOfProgramming-Lab2-WinAPIGraphic.cpp(115,9): warning C4244: инициализация: преобразование "double" в "LONG", возможна потеря данных
E:\TemporaryFolder\Лабы, исправленные на паре\BasicsOfProgramming-Lab2-WinAPIGraphic\BasicsOfProgramming-Lab2-WinAPIGraphic\BasicsOfProgramming-Lab2-WinAPIGraphic.cpp(115,17): warning C4838: Преобразование из "double" в "LONG" требует сужающего преобразования.
E:\TemporaryFolder\Лабы, исправленные на паре\BasicsOfProgramming-Lab2-WinAPIGraphic\BasicsOfProgramming-Lab2-WinAPIGraphic\BasicsOfProgramming-Lab2-WinAPIGraphic.cpp(115,17): warning C4244: инициализация: преобразование "double" в "LONG", возможна потеря данных
E:\TemporaryFolder\Лабы, исправленные на паре\BasicsOfProgramming-Lab2-WinAPIGraphic\BasicsOfProgramming-Lab2-WinAPIGraphic\BasicsOfProgramming-Lab2-WinAPIGraphic.cpp(116,9): warning C4838: Преобразование из "double" в "LONG" требует сужающего преобразования.
E:\TemporaryFolder\Лабы, исправленные на паре\BasicsOfProgramming-Lab2-WinAPIGraphic\BasicsOfProgramming-Lab2-WinAPIGraphic\BasicsOfProgramming-Lab2-WinAPIGraphic.cpp(116,9): warning C4244: инициализация: преобразование "double" в "LONG", возможна потеря данных
E:\TemporaryFolder\Лабы, исправленные на паре\BasicsOfProgramming-Lab2-WinAPIGraphic\BasicsOfProgramming-Lab2-WinAPIGraphic\BasicsOfProgramming-Lab2-WinAPIGraphic.cpp(117,17): warning C4838: Преобразование из "double" в "LONG" требует сужающего преобразования.
E:\TemporaryFolder\Лабы, исправленные на паре\BasicsOfProgramming-Lab2-WinAPIGraphic\BasicsOfProgramming-Lab2-WinAPIGraphic\BasicsOfProgramming-Lab2-WinAPIGraphic.cpp(117,17): warning C4244: инициализация: преобразование "double" в "LONG", возможна потеря данных
E:\TemporaryFolder\Лабы, исправленные на паре\BasicsOfProgramming-Lab2-WinAPIGraphic\BasicsOfProgramming-Lab2-WinAPIGraphic\BasicsOfProgramming-Lab2-WinAPIGraphic.cpp(118,9): warning C4838: Преобразование из "double" в "LONG" требует сужающего преобразования.
E:\TemporaryFolder\Лабы, исправленные на паре\BasicsOfProgramming-Lab2-WinAPIGraphic\BasicsOfProgramming-Lab2-WinAPIGraphic\BasicsOfProgramming-Lab2-WinAPIGraphic.cpp(118,9): warning C4244: инициализация: преобразование "double" в "LONG", возможна потеря данных
E:\TemporaryFolder\Лабы, исправленные на паре\BasicsOfProgramming-Lab2-WinAPIGraphic\BasicsOfProgramming-Lab2-WinAPIGraphic\BasicsOfProgramming-Lab2-WinAPIGraphic.cpp(118,17): warning C4838: Преобразование из "double" в "LONG" требует сужающего преобразования.
E:\TemporaryFolder\Лабы, исправленные на паре\BasicsOfProgramming-Lab2-WinAPIGraphic\BasicsOfProgramming-Lab2-WinAPIGraphic\BasicsOfProgramming-Lab2-WinAPIGraphic.cpp(118,17): warning C4244: инициализация: преобразование "double" в "LONG", возможна потеря данных
E:\TemporaryFolder\Лабы, исправленные на паре\BasicsOfProgramming-Lab2-WinAPIGraphic\BasicsOfProgramming-Lab2-WinAPIGraphic\BasicsOfProgramming-Lab2-WinAPIGraphic.cpp(119,9): warning C4838: Преобразование из "double" в "LONG" требует сужающего преобразования.
E:\TemporaryFolder\Лабы, исправленные на паре\BasicsOfProgramming-Lab2-WinAPIGraphic\BasicsOfProgramming-Lab2-WinAPIGraphic\BasicsOfProgramming-Lab2-WinAPIGraphic.cpp(119,9): warning C4244: инициализация: преобразование "double" в "LONG", возможна потеря данных
E:\TemporaryFolder\Лабы, исправленные на паре\BasicsOfProgramming-Lab2-WinAPIGraphic\BasicsOfProgramming-Lab2-WinAPIGraphic\BasicsOfProgramming-Lab2-WinAPIGraphic.cpp(119,17): warning C4838: Преобразование из "double" в "LONG" требует сужающего преобразования.
E:\TemporaryFolder\Лабы, исправленные на паре\BasicsOfProgramming-Lab2-WinAPIGraphic\BasicsOfProgramming-Lab2-WinAPIGraphic\BasicsOfProgramming-Lab2-WinAPIGraphic.cpp(119,17): warning C4244: инициализация: преобразование "double" в "LONG", возможна потеря данных
E:\TemporaryFolder\Лабы, исправленные на паре\BasicsOfProgramming-Lab2-WinAPIGraphic\BasicsOfProgramming-Lab2-WinAPIGraphic\BasicsOfProgramming-Lab2-WinAPIGraphic.cpp(120,9): warning C4838: Преобразование из "double" в "LONG" требует сужающего преобразования.
E:\TemporaryFolder\Лабы, исправленные на паре\BasicsOfProgramming-Lab2-WinAPIGraphic\BasicsOfProgramming-Lab2-WinAPIGraphic\BasicsOfProgramming-Lab2-WinAPIGraphic.cpp(120,9): warning C4244: инициализация: преобразование "double" в "LONG", возможна потеря данных
E:\TemporaryFolder\Лабы, исправленные на паре\BasicsOfProgramming-Lab2-WinAPIGraphic\BasicsOfProgramming-Lab2-WinAPIGraphic\BasicsOfProgramming-Lab2-WinAPIGraphic.cpp(120,17): warning C4838: Преобразование из "double" в "LONG" требует сужающего преобразования.
E:\TemporaryFolder\Лабы, исправленные на паре\BasicsOfProgramming-Lab2-WinAPIGraphic\BasicsOfProgramming-Lab2-WinAPIGraphic\BasicsOfProgramming-Lab2-WinAPIGraphic.cpp(120,17): warning C4244: инициализация: преобразование "double" в "LONG", возможна потеря данных
E:\TemporaryFolder\Лабы, исправленные на паре\BasicsOfProgramming-Lab2-WinAPIGraphic\BasicsOfProgramming-Lab2-WinAPIGraphic\BasicsOfProgramming-Lab2-WinAPIGraphic.cpp(121,9): warning C4838: Преобразование из "double" в "LONG" требует сужающего преобразования.
E:\TemporaryFolder\Лабы, исправленные на паре\BasicsOfProgramming-Lab2-WinAPIGraphic\BasicsOfProgramming-Lab2-WinAPIGraphic\BasicsOfProgramming-Lab2-WinAPIGraphic.cpp(121,9): warning C4244: инициализация: преобразование "double" в "LONG", возможна потеря данных
E:\TemporaryFolder\Лабы, исправленные на паре\BasicsOfProgramming-Lab2-WinAPIGraphic\BasicsOfProgramming-Lab2-WinAPIGraphic\BasicsOfProgramming-Lab2-WinAPIGraphic.cpp(121,17): warning C4838: Преобразование из "double" в "LONG" требует сужающего преобразования.
E:\TemporaryFolder\Лабы, исправленные на паре\BasicsOfProgramming-Lab2-WinAPIGraphic\BasicsOfProgramming-Lab2-WinAPIGraphic\BasicsOfProgramming-Lab2-WinAPIGraphic.cpp(121,17): warning C4244: инициализация: преобразование "double" в "LONG", возможна потеря данных
E:\TemporaryFolder\Лабы, исправленные на паре\BasicsOfProgramming-Lab2-WinAPIGraphic\BasicsOfProgramming-Lab2-WinAPIGraphic\BasicsOfProgramming-Lab2-WinAPIGraphic.cpp(122,17): warning C4838: Преобразование из "double" в "LONG" требует сужающего преобразования.
E:\TemporaryFolder\Лабы, исправленные на паре\BasicsOfProgramming-Lab2-WinAPIGraphic\BasicsOfProgramming-Lab2-WinAPIGraphic\BasicsOfProgramming-Lab2-WinAPIGraphic.cpp(122,17): warning C4244: инициализация: преобразование "double" в "LONG", возможна потеря данных
E:\TemporaryFolder\Лабы, исправленные на паре\BasicsOfProgramming-Lab2-WinAPIGraphic\BasicsOfProgramming-Lab2-WinAPIGraphic\BasicsOfProgramming-Lab2-WinAPIGraphic.cpp(123,9): warning C4838: Преобразование из "double" в "LONG" требует сужающего преобразования.
E:\TemporaryFolder\Лабы, исправленные на паре\BasicsOfProgramming-Lab2-WinAPIGraphic\BasicsOfProgramming-Lab2-WinAPIGraphic\BasicsOfProgramming-Lab2-WinAPIGraphic.cpp(123,9): warning C4244: инициализация: преобразование "double" в "LONG", возможна потеря данных
E:\TemporaryFolder\Лабы, исправленные на паре\BasicsOfProgramming-Lab2-WinAPIGraphic\BasicsOfProgramming-Lab2-WinAPIGraphic\BasicsOfProgramming-Lab2-WinAPIGraphic.cpp(123,17): warning C4838: Преобразование из "double" в "LONG" требует сужающего преобразования.
E:\TemporaryFolder\Лабы, исправленные на паре\BasicsOfProgramming-Lab2-WinAPIGraphic\BasicsOfProgramming-Lab2-WinAPIGraphic\BasicsOfProgramming-Lab2-WinAPIGraphic.cpp(123,17): warning C4244: инициализация: преобразование "double" в "LONG", возможна потеря данных
E:\TemporaryFolder\Лабы, исправленные на паре\BasicsOfProgramming-Lab2-WinAPIGraphic\BasicsOfProgramming-Lab2-WinAPIGraphic\BasicsOfProgramming-Lab2-WinAPIGraphic.cpp(124,9): warning C4838: Преобразование из "double" в "LONG" требует сужающего преобразования.
E:\TemporaryFolder\Лабы, исправленные на паре\BasicsOfProgramming-Lab2-WinAPIGraphic\BasicsOfProgramming-Lab2-WinAPIGraphic\BasicsOfProgramming-Lab2-WinAPIGraphic.cpp(124,9): warning C4244: инициализация: преобразование "double" в "LONG", возможна потеря данных
E:\TemporaryFolder\Лабы, исправленные на паре\BasicsOfProgramming-Lab2-WinAPIGraphic\BasicsOfProgramming-Lab2-WinAPIGraphic\BasicsOfProgramming-Lab2-WinAPIGraphic.cpp(124,17): warning C4838: Преобразование из "double" в "LONG" требует сужающего преобразования.
E:\TemporaryFolder\Лабы, исправленные на паре\BasicsOfProgramming-Lab2-WinAPIGraphic\BasicsOfProgramming-Lab2-WinAPIGraphic\BasicsOfProgramming-Lab2-WinAPIGraphic.cpp(124,17): warning C4244: инициализация: преобразование "double" в "LONG", возможна потеря данных
E:\TemporaryFolder\Лабы, исправленные на паре\BasicsOfProgramming-Lab2-WinAPIGraphic\BasicsOfProgramming-Lab2-WinAPIGraphic\BasicsOfProgramming-Lab2-WinAPIGraphic.cpp(164,41): warning C4244: аргумент: преобразование "int" в "float", возможна потеря данных
E:\TemporaryFolder\Лабы, исправленные на паре\BasicsOfProgramming-Lab2-WinAPIGraphic\BasicsOfProgramming-Lab2-WinAPIGraphic\BasicsOfProgramming-Lab2-WinAPIGraphic.cpp(164,31): warning C4244: аргумент: преобразование "int" в "float", возможна потеря данных
E:\TemporaryFolder\Лабы, исправленные на паре\BasicsOfProgramming-Lab2-WinAPIGraphic\BasicsOfProgramming-Lab2-WinAPIGraphic\BasicsOfProgramming-Lab2-WinAPIGraphic.cpp(164,11): warning C4244: инициализация: преобразование "float" в "int", возможна потеря данных
E:\TemporaryFolder\Лабы, исправленные на паре\BasicsOfProgramming-Lab2-WinAPIGraphic\BasicsOfProgramming-Lab2-WinAPIGraphic\BasicsOfProgramming-Lab2-WinAPIGraphic.cpp(165,41): warning C4244: аргумент: преобразование "int" в "float", возможна потеря данных
E:\TemporaryFolder\Лабы, исправленные на паре\BasicsOfProgramming-Lab2-WinAPIGraphic\BasicsOfProgramming-Lab2-WinAPIGraphic\BasicsOfProgramming-Lab2-WinAPIGraphic.cpp(165,31): warning C4244: аргумент: преобразование "int" в "float", возможна потеря данных
E:\TemporaryFolder\Лабы, исправленные на паре\BasicsOfProgramming-Lab2-WinAPIGraphic\BasicsOfProgramming-Lab2-WinAPIGraphic\BasicsOfProgramming-Lab2-WinAPIGraphic.cpp(165,11): warning C4244: инициализация: преобразование "float" в "int", возможна потеря данных
E:\TemporaryFolder\Лабы, исправленные на паре\BasicsOfProgramming-Lab2-WinAPIGraphic\BasicsOfProgramming-Lab2-WinAPIGraphic\BasicsOfProgramming-Lab2-WinAPIGraphic.cpp(166,41): warning C4244: аргумент: преобразование "int" в "float", возможна потеря данных
E:\TemporaryFolder\Лабы, исправленные на паре\BasicsOfProgramming-Lab2-WinAPIGraphic\BasicsOfProgramming-Lab2-WinAPIGraphic\BasicsOfProgramming-Lab2-WinAPIGraphic.cpp(166,31): warning C4244: аргумент: преобразование "int" в "float", возможна потеря данных
E:\TemporaryFolder\Лабы, исправленные на паре\BasicsOfProgramming-Lab2-WinAPIGraphic\BasicsOfProgramming-Lab2-WinAPIGraphic\BasicsOfProgramming-Lab2-WinAPIGraphic.cpp(166,11): warning C4244: инициализация: преобразование "float" в "int", возможна потеря данных
E:\TemporaryFolder\Лабы, исправленные на паре\BasicsOfProgramming-Lab2-WinAPIGraphic\BasicsOfProgramming-Lab2-WinAPIGraphic\BasicsOfProgramming-Lab2-WinAPIGraphic.cpp(213,75): warning C4244: аргумент: преобразование "float" в "int", возможна потеря данных
  LINK : не найден или не выполнена сборка E:\TemporaryFolder\Лабы, исправленные на паре\BasicsOfProgramming-Lab2-WinAPIGraphic\Debug\BasicsOfProgramming-Lab2-WinAPIGraphic.exe при последней инкрементной компоновке; выполняется полная компоновка
  BasicsOfProgramming-Lab2-WinAPIGraphic.vcxproj -> E:\TemporaryFolder\Лабы, исправленные на паре\BasicsOfProgramming-Lab2-WinAPIGraphic\Debug\BasicsOfProgramming-Lab2-WinAPIGraphic.exe
